<?xml version="1.0" encoding="UTF-8"?>
<!-- Generated by org.testng.reporters.JUnitReportReporter -->
<testsuite skipped="0" hostname="Darshan-PC" name="darshan.mycompany.app.SeleniumTest" tests="2" failures="0" timestamp="09 Apr 2020 14:31:27 GMT" time="0.016" errors="0">
  <testcase name="elementuis" time="0.000" classname="darshan.mycompany.app.SeleniumTest"/>
  <testcase name="browserautomation" time="0.016" classname="darshan.mycompany.app.SeleniumTest"/>
</testsuite> <!-- darshan.mycompany.app.SeleniumTest -->
