<?xml version="1.0" encoding="UTF-8"?>
<!-- Generated by org.testng.reporters.JUnitReportReporter -->
<testsuite skipped="0" hostname="Darshan-PC" name="darshan.mycompany.app.RestAPITest" tests="2" failures="0" timestamp="09 Apr 2020 14:31:27 GMT" time="0.000" errors="0">
  <testcase name="postJira" time="0.000" classname="darshan.mycompany.app.RestAPITest"/>
  <testcase name="deleteTwitter" time="0.000" classname="darshan.mycompany.app.RestAPITest"/>
</testsuite> <!-- darshan.mycompany.app.RestAPITest -->
