<?xml version="1.0" encoding="UTF-8"?>
<!-- Generated by org.testng.reporters.JUnitReportReporter -->
<testsuite skipped="0" hostname="Darshan-PC" name="darshan.mycompany.app.AppiumTest" tests="2" failures="0" timestamp="09 Apr 2020 14:30:26 GMT" time="0.000" errors="0">
  <testcase name="IOSApps" time="0.000" classname="darshan.mycompany.app.AppiumTest"/>
  <testcase name="NativeAppAndroid" time="0.000" classname="darshan.mycompany.app.AppiumTest"/>
</testsuite> <!-- darshan.mycompany.app.AppiumTest -->
